INFO  01:28:33 Application started. Press Ctrl+C to shut down.
INFO  01:28:33 Hosting environment: Development
INFO  01:28:33 Content root path: C:\Users\Administrator.KANINI-LTP-459\source\repos\JobPortalDI
INFO  01:28:36 Someone visited privacy page
INFO  01:29:01 A new user registered!
INFO  01:29:07 login by ash
INFO  01:29:48 New job created by sam
INFO  01:29:51 job posting project manager viewed by ravi ashwin
INFO  01:30:05 job data updated by ravi ashwin
INFO  01:30:07 job posting project manager viewed by ravi ashwin
INFO  01:30:10 job deleted with id 22
INFO  01:30:16 ravi ashwin tried to see jobs in 3 domain.
INFO  01:30:20 logout by ravi ashwin
INFO  01:36:08 Application started. Press Ctrl+C to shut down.
INFO  01:36:08 Hosting environment: Development
INFO  01:36:08 Content root path: C:\Users\Administrator.KANINI-LTP-459\source\repos\JobPortalDI
INFO  01:36:15 login by ash
INFO  01:36:19 ravi ashwin tried to see jobs in business domain.
INFO  01:36:21 logout by ravi ashwin
INFO  10:10:58 Application started. Press Ctrl+C to shut down.
INFO  10:10:58 Hosting environment: Development
INFO  10:10:58 Content root path: C:\Users\Administrator.KANINI-LTP-459\source\repos\JobPortalDI
INFO  10:12:25 A new user registered!
INFO  10:12:36 login by man1234
INFO  10:12:49 logout by ManthanS
INFO  10:12:55 login by manthan
INFO  10:13:47 Manthan Sharma tried to see jobs in construction domain.
INFO  10:13:54 job posting Senior Programmer viewed by Manthan Sharma
INFO  10:14:11 job data updated by Manthan Sharma
INFO  10:14:13 job posting Senior Programmer viewed by Manthan Sharma
INFO  10:14:19 job deleted with id 1
INFO  10:14:27 Manthan Sharma tried to see jobs in construction domain.
INFO  10:14:47 logout by Manthan Sharma
INFO  10:14:57 login by manthan
INFO  10:15:05 Someone visited privacy page
INFO  10:15:50 New job created by indu
INFO  10:15:54 job posting team lead viewed by Manthan Sharma
INFO  10:16:00 logout by Manthan Sharma
INFO  10:56:15 Application started. Press Ctrl+C to shut down.
INFO  10:56:15 Hosting environment: Development
INFO  10:56:15 Content root path: C:\Users\Administrator.KANINI-LTP-459\source\repos\JobPortalDI
ERROR 10:56:15 An unhandled exception has occurred while executing the request.
System.InvalidOperationException: Unable to resolve service for type 'JobPortalDI.Service.ILogintblServ`1[JobPortalDI.ProjModel.Logintbl]' while attempting to activate 'JobPortalDI.Controllers.LoginController'.
   at Microsoft.Extensions.DependencyInjection.ActivatorUtilities.GetService(IServiceProvider sp, Type type, Type requiredBy, Boolean isDefaultParameterRequired)
   at lambda_method2(Closure , IServiceProvider , Object[] )
   at Microsoft.AspNetCore.Mvc.Controllers.ControllerActivatorProvider.<>c__DisplayClass4_0.<CreateActivator>b__0(ControllerContext controllerContext)
   at Microsoft.AspNetCore.Mvc.Controllers.ControllerFactoryProvider.<>c__DisplayClass5_0.<CreateControllerFactory>g__CreateController|0(ControllerContext controllerContext)
   at Microsoft.AspNetCore.Mvc.Infrastructure.ControllerActionInvoker.Next(State& next, Scope& scope, Object& state, Boolean& isCompleted)
   at Microsoft.AspNetCore.Mvc.Infrastructure.ControllerActionInvoker.InvokeInnerFilterAsync()
--- End of stack trace from previous location ---
   at Microsoft.AspNetCore.Mvc.Infrastructure.ResourceInvoker.<InvokeNextResourceFilter>g__Awaited|24_0(ResourceInvoker invoker, Task lastTask, State next, Scope scope, Object state, Boolean isCompleted)
   at Microsoft.AspNetCore.Mvc.Infrastructure.ResourceInvoker.Rethrow(ResourceExecutedContextSealed context)
   at Microsoft.AspNetCore.Mvc.Infrastructure.ResourceInvoker.Next(State& next, Scope& scope, Object& state, Boolean& isCompleted)
   at Microsoft.AspNetCore.Mvc.Infrastructure.ResourceInvoker.InvokeFilterPipelineAsync()
--- End of stack trace from previous location ---
   at Microsoft.AspNetCore.Mvc.Infrastructure.ResourceInvoker.<InvokeAsync>g__Awaited|17_0(ResourceInvoker invoker, Task task, IDisposable scope)
   at Microsoft.AspNetCore.Routing.EndpointMiddleware.<Invoke>g__AwaitRequestTask|6_0(Endpoint endpoint, Task requestTask, ILogger logger)
   at Microsoft.AspNetCore.Authorization.AuthorizationMiddleware.Invoke(HttpContext context)
   at Microsoft.AspNetCore.Session.SessionMiddleware.Invoke(HttpContext context)
   at Microsoft.AspNetCore.Session.SessionMiddleware.Invoke(HttpContext context)
   at Microsoft.AspNetCore.Diagnostics.DeveloperExceptionPageMiddleware.Invoke(HttpContext context)
INFO  11:03:14 Application started. Press Ctrl+C to shut down.
INFO  11:03:14 Hosting environment: Development
INFO  11:03:14 Content root path: C:\Users\Administrator.KANINI-LTP-459\source\repos\JobPortalDI
INFO  11:03:30 login by manthan
INFO  11:03:34 logout by Manthan Sharma
INFO  11:03:58 A new user registered!
INFO  11:04:07 login by greedyvd
INFO  11:04:09 logout by ViditG
INFO  11:19:56 Application started. Press Ctrl+C to shut down.
INFO  11:19:56 Hosting environment: Development
INFO  11:19:56 Content root path: C:\Users\Administrator.KANINI-LTP-459\source\repos\JobPortalDI
INFO  11:20:24 login by greedyvd
INFO  11:21:31 New job created by arch
INFO  11:21:34 job posting worker viewed by ViditG
INFO  11:47:19 Application started. Press Ctrl+C to shut down.
INFO  11:47:19 Hosting environment: Development
INFO  11:47:19 Content root path: C:\Users\Administrator.KANINI-LTP-459\source\repos\JobPortalDI
ERROR 11:47:19 An unhandled exception has occurred while executing the request.
System.InvalidOperationException: Multiple constructors accepting all given argument types have been found in type 'JobPortalDI.Controllers.LoginController'. There should only be one applicable constructor.
   at Microsoft.Extensions.DependencyInjection.ActivatorUtilities.TryFindMatchingConstructor(Type instanceType, Type[] argumentTypes, ConstructorInfo& matchingConstructor, Nullable`1[]& parameterMap)
   at Microsoft.Extensions.DependencyInjection.ActivatorUtilities.FindApplicableConstructor(Type instanceType, Type[] argumentTypes, ConstructorInfo& matchingConstructor, Nullable`1[]& matchingParameterMap)
   at Microsoft.Extensions.DependencyInjection.ActivatorUtilities.CreateFactory(Type instanceType, Type[] argumentTypes)
   at Microsoft.AspNetCore.Mvc.Controllers.ControllerActivatorProvider.CreateActivator(ControllerActionDescriptor descriptor)
   at Microsoft.AspNetCore.Mvc.Controllers.ControllerFactoryProvider.CreateControllerFactory(ControllerActionDescriptor descriptor)
   at Microsoft.AspNetCore.Mvc.Infrastructure.ControllerActionInvokerCache.GetCachedResult(ControllerContext controllerContext)
   at Microsoft.AspNetCore.Mvc.Infrastructure.ControllerActionInvokerProvider.OnProvidersExecuting(ActionInvokerProviderContext context)
   at Microsoft.AspNetCore.Mvc.Infrastructure.ActionInvokerFactory.CreateInvoker(ActionContext actionContext)
   at Microsoft.AspNetCore.Mvc.Routing.ActionEndpointFactory.<>c__DisplayClass7_0.<CreateRequestDelegate>b__0(HttpContext context)
   at Microsoft.AspNetCore.Routing.EndpointMiddleware.Invoke(HttpContext httpContext)
--- End of stack trace from previous location ---
   at Microsoft.AspNetCore.Authorization.AuthorizationMiddleware.Invoke(HttpContext context)
   at Microsoft.AspNetCore.Session.SessionMiddleware.Invoke(HttpContext context)
   at Microsoft.AspNetCore.Session.SessionMiddleware.Invoke(HttpContext context)
   at Microsoft.AspNetCore.Diagnostics.DeveloperExceptionPageMiddleware.Invoke(HttpContext context)
INFO  11:48:31 Application started. Press Ctrl+C to shut down.
INFO  11:48:31 Hosting environment: Development
INFO  11:48:31 Content root path: C:\Users\Administrator.KANINI-LTP-459\source\repos\JobPortalDI
ERROR 11:48:31 An unhandled exception has occurred while executing the request.
System.InvalidOperationException: Multiple constructors accepting all given argument types have been found in type 'JobPortalDI.Controllers.LoginController'. There should only be one applicable constructor.
   at Microsoft.Extensions.DependencyInjection.ActivatorUtilities.TryFindMatchingConstructor(Type instanceType, Type[] argumentTypes, ConstructorInfo& matchingConstructor, Nullable`1[]& parameterMap)
   at Microsoft.Extensions.DependencyInjection.ActivatorUtilities.FindApplicableConstructor(Type instanceType, Type[] argumentTypes, ConstructorInfo& matchingConstructor, Nullable`1[]& matchingParameterMap)
   at Microsoft.Extensions.DependencyInjection.ActivatorUtilities.CreateFactory(Type instanceType, Type[] argumentTypes)
   at Microsoft.AspNetCore.Mvc.Controllers.ControllerActivatorProvider.CreateActivator(ControllerActionDescriptor descriptor)
   at Microsoft.AspNetCore.Mvc.Controllers.ControllerFactoryProvider.CreateControllerFactory(ControllerActionDescriptor descriptor)
   at Microsoft.AspNetCore.Mvc.Infrastructure.ControllerActionInvokerCache.GetCachedResult(ControllerContext controllerContext)
   at Microsoft.AspNetCore.Mvc.Infrastructure.ControllerActionInvokerProvider.OnProvidersExecuting(ActionInvokerProviderContext context)
   at Microsoft.AspNetCore.Mvc.Infrastructure.ActionInvokerFactory.CreateInvoker(ActionContext actionContext)
   at Microsoft.AspNetCore.Mvc.Routing.ActionEndpointFactory.<>c__DisplayClass7_0.<CreateRequestDelegate>b__0(HttpContext context)
   at Microsoft.AspNetCore.Routing.EndpointMiddleware.Invoke(HttpContext httpContext)
--- End of stack trace from previous location ---
   at Microsoft.AspNetCore.Authorization.AuthorizationMiddleware.Invoke(HttpContext context)
   at Microsoft.AspNetCore.Session.SessionMiddleware.Invoke(HttpContext context)
   at Microsoft.AspNetCore.Session.SessionMiddleware.Invoke(HttpContext context)
   at Microsoft.AspNetCore.Diagnostics.DeveloperExceptionPageMiddleware.Invoke(HttpContext context)
INFO  11:52:35 Application started. Press Ctrl+C to shut down.
INFO  11:52:35 Hosting environment: Development
INFO  11:52:35 Content root path: C:\Users\Administrator.KANINI-LTP-459\source\repos\JobPortalDI
INFO  11:53:23 Application started. Press Ctrl+C to shut down.
INFO  11:53:23 Hosting environment: Development
INFO  11:53:23 Content root path: C:\Users\Administrator.KANINI-LTP-459\source\repos\JobPortalDI
ERROR 11:53:23 An unhandled exception has occurred while executing the request.
System.InvalidOperationException: Multiple constructors were marked with ActivatorUtilitiesConstructorAttribute.
   at Microsoft.Extensions.DependencyInjection.ActivatorUtilities.ThrowMultipleCtorsMarkedWithAttributeException()
   at Microsoft.Extensions.DependencyInjection.ActivatorUtilities.TryFindPreferredConstructor(Type instanceType, Type[] argumentTypes, ConstructorInfo& matchingConstructor, Nullable`1[]& parameterMap)
   at Microsoft.Extensions.DependencyInjection.ActivatorUtilities.FindApplicableConstructor(Type instanceType, Type[] argumentTypes, ConstructorInfo& matchingConstructor, Nullable`1[]& matchingParameterMap)
   at Microsoft.Extensions.DependencyInjection.ActivatorUtilities.CreateFactory(Type instanceType, Type[] argumentTypes)
   at Microsoft.AspNetCore.Mvc.Controllers.ControllerActivatorProvider.CreateActivator(ControllerActionDescriptor descriptor)
   at Microsoft.AspNetCore.Mvc.Controllers.ControllerFactoryProvider.CreateControllerFactory(ControllerActionDescriptor descriptor)
   at Microsoft.AspNetCore.Mvc.Infrastructure.ControllerActionInvokerCache.GetCachedResult(ControllerContext controllerContext)
   at Microsoft.AspNetCore.Mvc.Infrastructure.ControllerActionInvokerProvider.OnProvidersExecuting(ActionInvokerProviderContext context)
   at Microsoft.AspNetCore.Mvc.Infrastructure.ActionInvokerFactory.CreateInvoker(ActionContext actionContext)
   at Microsoft.AspNetCore.Mvc.Routing.ActionEndpointFactory.<>c__DisplayClass7_0.<CreateRequestDelegate>b__0(HttpContext context)
   at Microsoft.AspNetCore.Routing.EndpointMiddleware.Invoke(HttpContext httpContext)
--- End of stack trace from previous location ---
   at Microsoft.AspNetCore.Authorization.AuthorizationMiddleware.Invoke(HttpContext context)
   at Microsoft.AspNetCore.Session.SessionMiddleware.Invoke(HttpContext context)
   at Microsoft.AspNetCore.Session.SessionMiddleware.Invoke(HttpContext context)
   at Microsoft.AspNetCore.Diagnostics.DeveloperExceptionPageMiddleware.Invoke(HttpContext context)
INFO  12:07:55 Application started. Press Ctrl+C to shut down.
INFO  12:07:55 Hosting environment: Development
INFO  12:07:55 Content root path: C:\Users\Administrator.KANINI-LTP-459\source\repos\JobPortalDI
ERROR 12:07:55 An unhandled exception has occurred while executing the request.
System.InvalidOperationException: Multiple constructors accepting all given argument types have been found in type 'JobPortalDI.Controllers.LoginController'. There should only be one applicable constructor.
   at Microsoft.Extensions.DependencyInjection.ActivatorUtilities.TryFindMatchingConstructor(Type instanceType, Type[] argumentTypes, ConstructorInfo& matchingConstructor, Nullable`1[]& parameterMap)
   at Microsoft.Extensions.DependencyInjection.ActivatorUtilities.FindApplicableConstructor(Type instanceType, Type[] argumentTypes, ConstructorInfo& matchingConstructor, Nullable`1[]& matchingParameterMap)
   at Microsoft.Extensions.DependencyInjection.ActivatorUtilities.CreateFactory(Type instanceType, Type[] argumentTypes)
   at Microsoft.AspNetCore.Mvc.Controllers.ControllerActivatorProvider.CreateActivator(ControllerActionDescriptor descriptor)
   at Microsoft.AspNetCore.Mvc.Controllers.ControllerFactoryProvider.CreateControllerFactory(ControllerActionDescriptor descriptor)
   at Microsoft.AspNetCore.Mvc.Infrastructure.ControllerActionInvokerCache.GetCachedResult(ControllerContext controllerContext)
   at Microsoft.AspNetCore.Mvc.Infrastructure.ControllerActionInvokerProvider.OnProvidersExecuting(ActionInvokerProviderContext context)
   at Microsoft.AspNetCore.Mvc.Infrastructure.ActionInvokerFactory.CreateInvoker(ActionContext actionContext)
   at Microsoft.AspNetCore.Mvc.Routing.ActionEndpointFactory.<>c__DisplayClass7_0.<CreateRequestDelegate>b__0(HttpContext context)
   at Microsoft.AspNetCore.Routing.EndpointMiddleware.Invoke(HttpContext httpContext)
--- End of stack trace from previous location ---
   at Microsoft.AspNetCore.Authorization.AuthorizationMiddleware.Invoke(HttpContext context)
   at Microsoft.AspNetCore.Session.SessionMiddleware.Invoke(HttpContext context)
   at Microsoft.AspNetCore.Session.SessionMiddleware.Invoke(HttpContext context)
   at Microsoft.AspNetCore.Diagnostics.DeveloperExceptionPageMiddleware.Invoke(HttpContext context)
ERROR 12:08:04 An unhandled exception has occurred while executing the request.
System.InvalidOperationException: Multiple constructors accepting all given argument types have been found in type 'JobPortalDI.Controllers.LoginController'. There should only be one applicable constructor.
   at Microsoft.Extensions.DependencyInjection.ActivatorUtilities.TryFindMatchingConstructor(Type instanceType, Type[] argumentTypes, ConstructorInfo& matchingConstructor, Nullable`1[]& parameterMap)
   at Microsoft.Extensions.DependencyInjection.ActivatorUtilities.FindApplicableConstructor(Type instanceType, Type[] argumentTypes, ConstructorInfo& matchingConstructor, Nullable`1[]& matchingParameterMap)
   at Microsoft.Extensions.DependencyInjection.ActivatorUtilities.CreateFactory(Type instanceType, Type[] argumentTypes)
   at Microsoft.AspNetCore.Mvc.Controllers.ControllerActivatorProvider.CreateActivator(ControllerActionDescriptor descriptor)
   at Microsoft.AspNetCore.Mvc.Controllers.ControllerFactoryProvider.CreateControllerFactory(ControllerActionDescriptor descriptor)
   at Microsoft.AspNetCore.Mvc.Infrastructure.ControllerActionInvokerCache.GetCachedResult(ControllerContext controllerContext)
   at Microsoft.AspNetCore.Mvc.Infrastructure.ControllerActionInvokerProvider.OnProvidersExecuting(ActionInvokerProviderContext context)
   at Microsoft.AspNetCore.Mvc.Infrastructure.ActionInvokerFactory.CreateInvoker(ActionContext actionContext)
   at Microsoft.AspNetCore.Mvc.Routing.ActionEndpointFactory.<>c__DisplayClass7_0.<CreateRequestDelegate>b__0(HttpContext context)
   at Microsoft.AspNetCore.Routing.EndpointMiddleware.Invoke(HttpContext httpContext)
--- End of stack trace from previous location ---
   at Microsoft.AspNetCore.Authorization.AuthorizationMiddleware.Invoke(HttpContext context)
   at Microsoft.AspNetCore.Session.SessionMiddleware.Invoke(HttpContext context)
   at Microsoft.AspNetCore.Session.SessionMiddleware.Invoke(HttpContext context)
   at Microsoft.AspNetCore.Diagnostics.DeveloperExceptionPageMiddleware.Invoke(HttpContext context)
INFO  12:08:52 Application started. Press Ctrl+C to shut down.
INFO  12:08:52 Hosting environment: Development
INFO  12:08:52 Content root path: C:\Users\Administrator.KANINI-LTP-459\source\repos\JobPortalDI
ERROR 12:08:52 An unhandled exception has occurred while executing the request.
System.InvalidOperationException: Multiple constructors accepting all given argument types have been found in type 'JobPortalDI.Controllers.LoginController'. There should only be one applicable constructor.
   at Microsoft.Extensions.DependencyInjection.ActivatorUtilities.TryFindMatchingConstructor(Type instanceType, Type[] argumentTypes, ConstructorInfo& matchingConstructor, Nullable`1[]& parameterMap)
   at Microsoft.Extensions.DependencyInjection.ActivatorUtilities.FindApplicableConstructor(Type instanceType, Type[] argumentTypes, ConstructorInfo& matchingConstructor, Nullable`1[]& matchingParameterMap)
   at Microsoft.Extensions.DependencyInjection.ActivatorUtilities.CreateFactory(Type instanceType, Type[] argumentTypes)
   at Microsoft.AspNetCore.Mvc.Controllers.ControllerActivatorProvider.CreateActivator(ControllerActionDescriptor descriptor)
   at Microsoft.AspNetCore.Mvc.Controllers.ControllerFactoryProvider.CreateControllerFactory(ControllerActionDescriptor descriptor)
   at Microsoft.AspNetCore.Mvc.Infrastructure.ControllerActionInvokerCache.GetCachedResult(ControllerContext controllerContext)
   at Microsoft.AspNetCore.Mvc.Infrastructure.ControllerActionInvokerProvider.OnProvidersExecuting(ActionInvokerProviderContext context)
   at Microsoft.AspNetCore.Mvc.Infrastructure.ActionInvokerFactory.CreateInvoker(ActionContext actionContext)
   at Microsoft.AspNetCore.Mvc.Routing.ActionEndpointFactory.<>c__DisplayClass7_0.<CreateRequestDelegate>b__0(HttpContext context)
   at Microsoft.AspNetCore.Routing.EndpointMiddleware.Invoke(HttpContext httpContext)
--- End of stack trace from previous location ---
   at Microsoft.AspNetCore.Authorization.AuthorizationMiddleware.Invoke(HttpContext context)
   at Microsoft.AspNetCore.Session.SessionMiddleware.Invoke(HttpContext context)
   at Microsoft.AspNetCore.Session.SessionMiddleware.Invoke(HttpContext context)
   at Microsoft.AspNetCore.Diagnostics.DeveloperExceptionPageMiddleware.Invoke(HttpContext context)
INFO  12:09:30 Application started. Press Ctrl+C to shut down.
INFO  12:09:30 Hosting environment: Development
INFO  12:09:30 Content root path: C:\Users\Administrator.KANINI-LTP-459\source\repos\JobPortalDI
INFO  12:09:39 login by greedyvd
INFO  12:29:38 Application started. Press Ctrl+C to shut down.
INFO  12:29:38 Hosting environment: Development
INFO  12:29:38 Content root path: C:\Users\Administrator.KANINI-LTP-459\source\repos\JobPortalDI
INFO  12:29:57 login by greedyvd
INFO  12:36:44 Application started. Press Ctrl+C to shut down.
INFO  12:36:44 Hosting environment: Development
INFO  12:36:44 Content root path: C:\Users\Administrator.KANINI-LTP-459\source\repos\JobPortalDI
INFO  12:36:53 login by greedyvd
INFO  12:40:43 Application started. Press Ctrl+C to shut down.
INFO  12:40:43 Hosting environment: Development
INFO  12:40:43 Content root path: C:\Users\Administrator.KANINI-LTP-459\source\repos\JobPortalDI
INFO  12:40:51 login by greedyvd
INFO  12:43:20 Application started. Press Ctrl+C to shut down.
INFO  12:43:20 Hosting environment: Development
INFO  12:43:20 Content root path: C:\Users\Administrator.KANINI-LTP-459\source\repos\JobPortalDI
INFO  12:43:27 login by greedyvd
INFO  12:44:23 Application started. Press Ctrl+C to shut down.
INFO  12:44:23 Hosting environment: Development
INFO  12:44:23 Content root path: C:\Users\Administrator.KANINI-LTP-459\source\repos\JobPortalDI
INFO  12:44:30 login by greedyvd
INFO  08:01:47 Application started. Press Ctrl+C to shut down.
INFO  08:01:47 Hosting environment: Development
INFO  08:01:47 Content root path: C:\Users\Administrator.KANINI-LTP-459\source\repos\JobPortalDI
INFO  08:02:09 login by greedyvd
ERROR 08:02:14 An unhandled exception has occurred while executing the request.
System.InvalidOperationException: Multiple constructors accepting all given argument types have been found in type 'JobPortalDI.Controllers.GetjobController'. There should only be one applicable constructor.
   at Microsoft.Extensions.DependencyInjection.ActivatorUtilities.TryFindMatchingConstructor(Type instanceType, Type[] argumentTypes, ConstructorInfo& matchingConstructor, Nullable`1[]& parameterMap)
   at Microsoft.Extensions.DependencyInjection.ActivatorUtilities.FindApplicableConstructor(Type instanceType, Type[] argumentTypes, ConstructorInfo& matchingConstructor, Nullable`1[]& matchingParameterMap)
   at Microsoft.Extensions.DependencyInjection.ActivatorUtilities.CreateFactory(Type instanceType, Type[] argumentTypes)
   at Microsoft.AspNetCore.Mvc.Controllers.ControllerActivatorProvider.CreateActivator(ControllerActionDescriptor descriptor)
   at Microsoft.AspNetCore.Mvc.Controllers.ControllerFactoryProvider.CreateControllerFactory(ControllerActionDescriptor descriptor)
   at Microsoft.AspNetCore.Mvc.Infrastructure.ControllerActionInvokerCache.GetCachedResult(ControllerContext controllerContext)
   at Microsoft.AspNetCore.Mvc.Infrastructure.ControllerActionInvokerProvider.OnProvidersExecuting(ActionInvokerProviderContext context)
   at Microsoft.AspNetCore.Mvc.Infrastructure.ActionInvokerFactory.CreateInvoker(ActionContext actionContext)
   at Microsoft.AspNetCore.Mvc.Routing.ActionEndpointFactory.<>c__DisplayClass7_0.<CreateRequestDelegate>b__0(HttpContext context)
   at Microsoft.AspNetCore.Routing.EndpointMiddleware.Invoke(HttpContext httpContext)
--- End of stack trace from previous location ---
   at Microsoft.AspNetCore.Authorization.AuthorizationMiddleware.Invoke(HttpContext context)
   at Microsoft.AspNetCore.Session.SessionMiddleware.Invoke(HttpContext context)
   at Microsoft.AspNetCore.Session.SessionMiddleware.Invoke(HttpContext context)
   at Microsoft.AspNetCore.Diagnostics.DeveloperExceptionPageMiddleware.Invoke(HttpContext context)
INFO  08:04:29 Application started. Press Ctrl+C to shut down.
INFO  08:04:29 Hosting environment: Development
INFO  08:04:29 Content root path: C:\Users\Administrator.KANINI-LTP-459\source\repos\JobPortalDI
INFO  08:04:31 Someone visited privacy page
INFO  08:05:19 A new user registered!
INFO  08:05:29 login by rehesamay
INFO  08:05:33 Someone visited privacy page
INFO  08:07:11 Application started. Press Ctrl+C to shut down.
INFO  08:07:11 Hosting environment: Development
INFO  08:07:11 Content root path: C:\Users\Administrator.KANINI-LTP-459\source\repos\JobPortalDI
INFO  08:07:23 login by rehesamay
INFO  08:07:26 Someone visited privacy page
INFO  08:10:20 Application started. Press Ctrl+C to shut down.
INFO  08:10:20 Hosting environment: Development
INFO  08:10:20 Content root path: C:\Users\Administrator.KANINI-LTP-459\source\repos\JobPortalDI
INFO  08:10:30 login by rehesamay
INFO  08:10:33 Someone visited privacy page
INFO  08:11:46 Application started. Press Ctrl+C to shut down.
INFO  08:11:46 Hosting environment: Development
INFO  08:11:46 Content root path: C:\Users\Administrator.KANINI-LTP-459\source\repos\JobPortalDI
INFO  08:11:54 login by rehesamay
INFO  08:11:57 Someone visited privacy page
INFO  08:12:43 New job created by hari
ERROR 08:12:46 An unhandled exception has occurred while executing the request.
System.InvalidOperationException: Cannot return null from an action method with a return type of 'Microsoft.AspNetCore.Mvc.IActionResult'.
   at Microsoft.AspNetCore.Mvc.Infrastructure.ActionMethodExecutor.EnsureActionResultNotNull(ObjectMethodExecutor executor, IActionResult actionResult)
   at Microsoft.AspNetCore.Mvc.Infrastructure.ActionMethodExecutor.SyncActionResultExecutor.Execute(IActionResultTypeMapper mapper, ObjectMethodExecutor executor, Object controller, Object[] arguments)
   at Microsoft.AspNetCore.Mvc.Infrastructure.ControllerActionInvoker.InvokeActionMethodAsync()
   at Microsoft.AspNetCore.Mvc.Infrastructure.ControllerActionInvoker.Next(State& next, Scope& scope, Object& state, Boolean& isCompleted)
   at Microsoft.AspNetCore.Mvc.Infrastructure.ControllerActionInvoker.InvokeNextActionFilterAsync()
--- End of stack trace from previous location ---
   at Microsoft.AspNetCore.Mvc.Infrastructure.ControllerActionInvoker.Rethrow(ActionExecutedContextSealed context)
   at Microsoft.AspNetCore.Mvc.Infrastructure.ControllerActionInvoker.Next(State& next, Scope& scope, Object& state, Boolean& isCompleted)
   at Microsoft.AspNetCore.Mvc.Infrastructure.ControllerActionInvoker.InvokeInnerFilterAsync()
--- End of stack trace from previous location ---
   at Microsoft.AspNetCore.Mvc.Infrastructure.ResourceInvoker.<InvokeNextResourceFilter>g__Awaited|24_0(ResourceInvoker invoker, Task lastTask, State next, Scope scope, Object state, Boolean isCompleted)
   at Microsoft.AspNetCore.Mvc.Infrastructure.ResourceInvoker.Rethrow(ResourceExecutedContextSealed context)
   at Microsoft.AspNetCore.Mvc.Infrastructure.ResourceInvoker.Next(State& next, Scope& scope, Object& state, Boolean& isCompleted)
   at Microsoft.AspNetCore.Mvc.Infrastructure.ResourceInvoker.InvokeFilterPipelineAsync()
--- End of stack trace from previous location ---
   at Microsoft.AspNetCore.Mvc.Infrastructure.ResourceInvoker.<InvokeAsync>g__Awaited|17_0(ResourceInvoker invoker, Task task, IDisposable scope)
   at Microsoft.AspNetCore.Routing.EndpointMiddleware.<Invoke>g__AwaitRequestTask|6_0(Endpoint endpoint, Task requestTask, ILogger logger)
   at Microsoft.AspNetCore.Authorization.AuthorizationMiddleware.Invoke(HttpContext context)
   at Microsoft.AspNetCore.Session.SessionMiddleware.Invoke(HttpContext context)
   at Microsoft.AspNetCore.Session.SessionMiddleware.Invoke(HttpContext context)
   at Microsoft.AspNetCore.Diagnostics.DeveloperExceptionPageMiddleware.Invoke(HttpContext context)
INFO  08:13:26 SamayR tried to see jobs in business domain.
ERROR 08:13:30 An unhandled exception has occurred while executing the request.
System.InvalidOperationException: Cannot return null from an action method with a return type of 'Microsoft.AspNetCore.Mvc.IActionResult'.
   at Microsoft.AspNetCore.Mvc.Infrastructure.ActionMethodExecutor.EnsureActionResultNotNull(ObjectMethodExecutor executor, IActionResult actionResult)
   at Microsoft.AspNetCore.Mvc.Infrastructure.ActionMethodExecutor.SyncActionResultExecutor.Execute(IActionResultTypeMapper mapper, ObjectMethodExecutor executor, Object controller, Object[] arguments)
   at Microsoft.AspNetCore.Mvc.Infrastructure.ControllerActionInvoker.InvokeActionMethodAsync()
   at Microsoft.AspNetCore.Mvc.Infrastructure.ControllerActionInvoker.Next(State& next, Scope& scope, Object& state, Boolean& isCompleted)
   at Microsoft.AspNetCore.Mvc.Infrastructure.ControllerActionInvoker.InvokeNextActionFilterAsync()
--- End of stack trace from previous location ---
   at Microsoft.AspNetCore.Mvc.Infrastructure.ControllerActionInvoker.Rethrow(ActionExecutedContextSealed context)
   at Microsoft.AspNetCore.Mvc.Infrastructure.ControllerActionInvoker.Next(State& next, Scope& scope, Object& state, Boolean& isCompleted)
   at Microsoft.AspNetCore.Mvc.Infrastructure.ControllerActionInvoker.InvokeInnerFilterAsync()
--- End of stack trace from previous location ---
   at Microsoft.AspNetCore.Mvc.Infrastructure.ResourceInvoker.<InvokeNextResourceFilter>g__Awaited|24_0(ResourceInvoker invoker, Task lastTask, State next, Scope scope, Object state, Boolean isCompleted)
   at Microsoft.AspNetCore.Mvc.Infrastructure.ResourceInvoker.Rethrow(ResourceExecutedContextSealed context)
   at Microsoft.AspNetCore.Mvc.Infrastructure.ResourceInvoker.Next(State& next, Scope& scope, Object& state, Boolean& isCompleted)
   at Microsoft.AspNetCore.Mvc.Infrastructure.ResourceInvoker.InvokeFilterPipelineAsync()
--- End of stack trace from previous location ---
   at Microsoft.AspNetCore.Mvc.Infrastructure.ResourceInvoker.<InvokeAsync>g__Awaited|17_0(ResourceInvoker invoker, Task task, IDisposable scope)
   at Microsoft.AspNetCore.Routing.EndpointMiddleware.<Invoke>g__AwaitRequestTask|6_0(Endpoint endpoint, Task requestTask, ILogger logger)
   at Microsoft.AspNetCore.Authorization.AuthorizationMiddleware.Invoke(HttpContext context)
   at Microsoft.AspNetCore.Session.SessionMiddleware.Invoke(HttpContext context)
   at Microsoft.AspNetCore.Session.SessionMiddleware.Invoke(HttpContext context)
   at Microsoft.AspNetCore.Diagnostics.DeveloperExceptionPageMiddleware.Invoke(HttpContext context)
INFO  08:15:33 Application started. Press Ctrl+C to shut down.
INFO  08:15:33 Hosting environment: Development
INFO  08:15:33 Content root path: C:\Users\Administrator.KANINI-LTP-459\source\repos\JobPortalDI
INFO  08:15:41 login by rehesamay
INFO  08:18:12 Application started. Press Ctrl+C to shut down.
INFO  08:18:12 Hosting environment: Development
INFO  08:18:12 Content root path: C:\Users\Administrator.KANINI-LTP-459\source\repos\JobPortalDI
INFO  08:18:27 Application started. Press Ctrl+C to shut down.
INFO  08:18:27 Hosting environment: Development
INFO  08:18:27 Content root path: C:\Users\Administrator.KANINI-LTP-459\source\repos\JobPortalDI
INFO  08:18:44 login by rehesamay
INFO  08:18:46 Someone visited privacy page
INFO  08:18:54 Someone visited privacy page
INFO  08:26:14 Application started. Press Ctrl+C to shut down.
INFO  08:26:14 Hosting environment: Development
INFO  08:26:14 Content root path: C:\Users\Administrator.KANINI-LTP-459\source\repos\JobPortalDI
INFO  08:26:27 login by rehesamay
INFO  08:26:31 Someone visited privacy page
INFO  08:26:37 job posting salesman viewed by SamayR
INFO  08:26:43 job deleted with id 25
INFO  08:26:47 Someone visited privacy page
INFO  08:29:06 SamayR tried to see jobs in business domain.
INFO  08:29:47 New job created by hari
INFO  08:29:52 job posting cloud architect viewed by SamayR
INFO  08:29:56 job posting cloud architect viewed by SamayR
INFO  08:30:10 job data updated by SamayR
INFO  08:30:15 job posting cloud architect viewed by SamayR
INFO  08:30:23 Someone visited privacy page
INFO  08:31:02 Application started. Press Ctrl+C to shut down.
INFO  08:31:02 Hosting environment: Development
INFO  08:31:02 Content root path: C:\Users\Administrator.KANINI-LTP-459\source\repos\JobPortalDI
INFO  08:35:06 Application started. Press Ctrl+C to shut down.
INFO  08:35:06 Hosting environment: Development
INFO  08:35:06 Content root path: C:\Users\Administrator.KANINI-LTP-459\source\repos\JobPortalDI
INFO  08:35:16 login by rehesamay
INFO  08:35:19 job posting cloud architect viewed by SamayR
INFO  08:35:26 job posting cloud architect viewed by SamayR
INFO  08:35:33 Someone visited privacy page
INFO  08:35:39 SamayR tried to see jobs in technology domain.
INFO  08:35:41 job posting cloud architect viewed by SamayR
INFO  08:35:57 logout by SamayR
INFO  08:50:53 Application started. Press Ctrl+C to shut down.
INFO  08:50:53 Hosting environment: Development
INFO  08:50:53 Content root path: C:\Users\Administrator.KANINI-LTP-459\source\repos\JobPortalDI
INFO  08:51:35 Application started. Press Ctrl+C to shut down.
INFO  08:51:35 Hosting environment: Development
INFO  08:51:35 Content root path: C:\Users\Administrator.KANINI-LTP-459\source\repos\JobPortalDI
INFO  08:54:02 Application started. Press Ctrl+C to shut down.
INFO  08:54:02 Hosting environment: Development
INFO  08:54:02 Content root path: C:\Users\Administrator.KANINI-LTP-459\source\repos\JobPortalDI
INFO  08:55:08 Application started. Press Ctrl+C to shut down.
INFO  08:55:08 Hosting environment: Development
INFO  08:55:08 Content root path: C:\Users\Administrator.KANINI-LTP-459\source\repos\JobPortalDI
INFO  08:56:50 Application started. Press Ctrl+C to shut down.
INFO  08:56:50 Hosting environment: Development
INFO  08:56:50 Content root path: C:\Users\Administrator.KANINI-LTP-459\source\repos\JobPortalDI
INFO  08:57:08 Application started. Press Ctrl+C to shut down.
INFO  08:57:08 Hosting environment: Development
INFO  08:57:08 Content root path: C:\Users\Administrator.KANINI-LTP-459\source\repos\JobPortalDI
INFO  09:14:59 Application started. Press Ctrl+C to shut down.
INFO  09:14:59 Hosting environment: Development
INFO  09:14:59 Content root path: C:\Users\Administrator.KANINI-LTP-459\source\repos\JobPortalDI
INFO  09:15:32 A new user registered!
INFO  09:16:01 login by greedyvd
INFO  09:17:28 Application started. Press Ctrl+C to shut down.
INFO  09:17:28 Hosting environment: Development
INFO  09:17:28 Content root path: C:\Users\Administrator.KANINI-LTP-459\source\repos\JobPortalDI
INFO  09:17:40 login by greedyvd
ERROR 09:17:45 The view 'ShowMyJobs' was not found. Searched locations: /Views/ShowMyJobs/ShowMyJobs.cshtml, /Views/Shared/ShowMyJobs.cshtml
ERROR 09:17:45 An unhandled exception has occurred while executing the request.
System.InvalidOperationException: The view 'ShowMyJobs' was not found. The following locations were searched:
/Views/ShowMyJobs/ShowMyJobs.cshtml
/Views/Shared/ShowMyJobs.cshtml
   at Microsoft.AspNetCore.Mvc.ViewEngines.ViewEngineResult.EnsureSuccessful(IEnumerable`1 originalLocations)
   at Microsoft.AspNetCore.Mvc.ViewFeatures.ViewResultExecutor.ExecuteAsync(ActionContext context, ViewResult result)
   at Microsoft.AspNetCore.Mvc.ViewResult.ExecuteResultAsync(ActionContext context)
   at Microsoft.AspNetCore.Mvc.Infrastructure.ResourceInvoker.<InvokeNextResultFilterAsync>g__Awaited|29_0[TFilter,TFilterAsync](ResourceInvoker invoker, Task lastTask, State next, Scope scope, Object state, Boolean isCompleted)
   at Microsoft.AspNetCore.Mvc.Infrastructure.ResourceInvoker.Rethrow(ResultExecutedContextSealed context)
   at Microsoft.AspNetCore.Mvc.Infrastructure.ResourceInvoker.ResultNext[TFilter,TFilterAsync](State& next, Scope& scope, Object& state, Boolean& isCompleted)
   at Microsoft.AspNetCore.Mvc.Infrastructure.ResourceInvoker.InvokeResultFilters()
--- End of stack trace from previous location ---
   at Microsoft.AspNetCore.Mvc.Infrastructure.ResourceInvoker.<InvokeNextResourceFilter>g__Awaited|24_0(ResourceInvoker invoker, Task lastTask, State next, Scope scope, Object state, Boolean isCompleted)
   at Microsoft.AspNetCore.Mvc.Infrastructure.ResourceInvoker.Rethrow(ResourceExecutedContextSealed context)
   at Microsoft.AspNetCore.Mvc.Infrastructure.ResourceInvoker.Next(State& next, Scope& scope, Object& state, Boolean& isCompleted)
   at Microsoft.AspNetCore.Mvc.Infrastructure.ResourceInvoker.InvokeFilterPipelineAsync()
--- End of stack trace from previous location ---
   at Microsoft.AspNetCore.Mvc.Infrastructure.ResourceInvoker.<InvokeAsync>g__Awaited|17_0(ResourceInvoker invoker, Task task, IDisposable scope)
   at Microsoft.AspNetCore.Routing.EndpointMiddleware.<Invoke>g__AwaitRequestTask|6_0(Endpoint endpoint, Task requestTask, ILogger logger)
   at Microsoft.AspNetCore.Authorization.AuthorizationMiddleware.Invoke(HttpContext context)
   at Microsoft.AspNetCore.Session.SessionMiddleware.Invoke(HttpContext context)
   at Microsoft.AspNetCore.Session.SessionMiddleware.Invoke(HttpContext context)
   at Microsoft.AspNetCore.Diagnostics.DeveloperExceptionPageMiddleware.Invoke(HttpContext context)
INFO  09:19:05 Application started. Press Ctrl+C to shut down.
INFO  09:19:05 Hosting environment: Development
INFO  09:19:05 Content root path: C:\Users\Administrator.KANINI-LTP-459\source\repos\JobPortalDI
INFO  09:19:13 login by greedyvd
ERROR 09:19:16 The view 'ShowMyJobs' was not found. Searched locations: /Views/ShowMyJobs/ShowMyJobs.cshtml, /Views/Shared/ShowMyJobs.cshtml
ERROR 09:19:16 An unhandled exception has occurred while executing the request.
System.InvalidOperationException: The view 'ShowMyJobs' was not found. The following locations were searched:
/Views/ShowMyJobs/ShowMyJobs.cshtml
/Views/Shared/ShowMyJobs.cshtml
   at Microsoft.AspNetCore.Mvc.ViewEngines.ViewEngineResult.EnsureSuccessful(IEnumerable`1 originalLocations)
   at Microsoft.AspNetCore.Mvc.ViewFeatures.ViewResultExecutor.ExecuteAsync(ActionContext context, ViewResult result)
   at Microsoft.AspNetCore.Mvc.ViewResult.ExecuteResultAsync(ActionContext context)
   at Microsoft.AspNetCore.Mvc.Infrastructure.ResourceInvoker.<InvokeNextResultFilterAsync>g__Awaited|29_0[TFilter,TFilterAsync](ResourceInvoker invoker, Task lastTask, State next, Scope scope, Object state, Boolean isCompleted)
   at Microsoft.AspNetCore.Mvc.Infrastructure.ResourceInvoker.Rethrow(ResultExecutedContextSealed context)
   at Microsoft.AspNetCore.Mvc.Infrastructure.ResourceInvoker.ResultNext[TFilter,TFilterAsync](State& next, Scope& scope, Object& state, Boolean& isCompleted)
   at Microsoft.AspNetCore.Mvc.Infrastructure.ResourceInvoker.InvokeResultFilters()
--- End of stack trace from previous location ---
   at Microsoft.AspNetCore.Mvc.Infrastructure.ResourceInvoker.<InvokeNextResourceFilter>g__Awaited|24_0(ResourceInvoker invoker, Task lastTask, State next, Scope scope, Object state, Boolean isCompleted)
   at Microsoft.AspNetCore.Mvc.Infrastructure.ResourceInvoker.Rethrow(ResourceExecutedContextSealed context)
   at Microsoft.AspNetCore.Mvc.Infrastructure.ResourceInvoker.Next(State& next, Scope& scope, Object& state, Boolean& isCompleted)
   at Microsoft.AspNetCore.Mvc.Infrastructure.ResourceInvoker.InvokeFilterPipelineAsync()
--- End of stack trace from previous location ---
   at Microsoft.AspNetCore.Mvc.Infrastructure.ResourceInvoker.<InvokeAsync>g__Awaited|17_0(ResourceInvoker invoker, Task task, IDisposable scope)
   at Microsoft.AspNetCore.Routing.EndpointMiddleware.<Invoke>g__AwaitRequestTask|6_0(Endpoint endpoint, Task requestTask, ILogger logger)
   at Microsoft.AspNetCore.Authorization.AuthorizationMiddleware.Invoke(HttpContext context)
   at Microsoft.AspNetCore.Session.SessionMiddleware.Invoke(HttpContext context)
   at Microsoft.AspNetCore.Session.SessionMiddleware.Invoke(HttpContext context)
   at Microsoft.AspNetCore.Diagnostics.DeveloperExceptionPageMiddleware.Invoke(HttpContext context)
INFO  09:21:10 Application started. Press Ctrl+C to shut down.
INFO  09:21:10 Hosting environment: Development
INFO  09:21:10 Content root path: C:\Users\Administrator.KANINI-LTP-459\source\repos\JobPortalDI
INFO  09:21:19 login by greedyvd
INFO  09:21:25 Someone visited privacy page
INFO  09:21:32 logout by ViditG
INFO  09:21:47 login by manthan
INFO  09:22:07 logout by Manthan Sharma
INFO  09:29:48 Application started. Press Ctrl+C to shut down.
INFO  09:29:48 Hosting environment: Development
INFO  09:29:48 Content root path: C:\Users\Administrator.KANINI-LTP-459\source\repos\JobPortalDI
INFO  09:29:59 login by greedyvd
INFO  09:30:19 job posting Quality Control Specialist viewed by ViditG
INFO  09:30:31 logout by ViditG
INFO  09:30:38 login by manthan
INFO  09:30:47 logout by Manthan Sharma
INFO  10:14:26 Application started. Press Ctrl+C to shut down.
INFO  10:14:26 Hosting environment: Development
INFO  10:14:26 Content root path: C:\Users\Administrator.KANINI-LTP-459\source\repos\JobPortalDI
INFO  10:14:55 login by manthan
INFO  10:14:58 logout by Manthan Sharma
INFO  10:15:06 login by greedyvd
INFO  10:15:10 job posting Help Desk Operator viewed by ViditG
INFO  10:18:36 Application started. Press Ctrl+C to shut down.
INFO  10:18:36 Hosting environment: Development
INFO  10:18:36 Content root path: C:\Users\Administrator.KANINI-LTP-459\source\repos\JobPortalDI
INFO  10:18:52 login by greedyvd
INFO  10:18:57 job posting Help Desk Operator viewed by ViditG
INFO  10:20:52 Application started. Press Ctrl+C to shut down.
INFO  10:20:52 Hosting environment: Development
INFO  10:20:52 Content root path: C:\Users\Administrator.KANINI-LTP-459\source\repos\JobPortalDI
INFO  10:21:06 login by greedyvd
INFO  10:21:08 job posting Help Desk Operator viewed by ViditG
INFO  10:35:09 Application started. Press Ctrl+C to shut down.
INFO  10:35:09 Hosting environment: Development
INFO  10:35:09 Content root path: C:\Users\Administrator.KANINI-LTP-459\source\repos\JobPortalDI
INFO  10:35:20 login by greedyvd
INFO  10:35:23 job posting Help Desk Operator viewed by ViditG
INFO  10:35:26 applied for job with id 2
INFO  10:35:31 job posting Help Desk Operator viewed by ViditG
INFO  10:43:23 Application started. Press Ctrl+C to shut down.
INFO  10:43:23 Hosting environment: Development
INFO  10:43:23 Content root path: C:\Users\Administrator.KANINI-LTP-459\source\repos\JobPortalDI
INFO  10:43:32 login by greedyvd
INFO  10:44:14 Application started. Press Ctrl+C to shut down.
INFO  10:44:14 Hosting environment: Development
INFO  10:44:14 Content root path: C:\Users\Administrator.KANINI-LTP-459\source\repos\JobPortalDI
INFO  10:44:25 login by greedyvd
INFO  10:46:54 Application started. Press Ctrl+C to shut down.
INFO  10:46:54 Hosting environment: Development
INFO  10:46:54 Content root path: C:\Users\Administrator.KANINI-LTP-459\source\repos\JobPortalDI
INFO  10:47:03 login by greedyvd
INFO  10:47:11 logout by ViditG
INFO  10:47:30 Application started. Press Ctrl+C to shut down.
INFO  10:47:30 Hosting environment: Development
INFO  10:47:30 Content root path: C:\Users\Administrator.KANINI-LTP-459\source\repos\JobPortalDI
INFO  10:47:38 login by greedyvd
INFO  10:50:13 Application started. Press Ctrl+C to shut down.
INFO  10:50:13 Hosting environment: Development
INFO  10:50:13 Content root path: C:\Users\Administrator.KANINI-LTP-459\source\repos\JobPortalDI
INFO  10:50:22 login by greedyvd
INFO  10:50:28 job posting Office Assistant IV viewed by ViditG
INFO  10:50:30 applied for job with id 4
INFO  11:08:41 Application started. Press Ctrl+C to shut down.
INFO  11:08:41 Hosting environment: Development
INFO  11:08:41 Content root path: C:\Users\Administrator.KANINI-LTP-459\source\repos\JobPortalDI
INFO  11:08:49 login by greedyvd
INFO  11:09:36 Application started. Press Ctrl+C to shut down.
INFO  11:09:36 Hosting environment: Development
INFO  11:09:36 Content root path: C:\Users\Administrator.KANINI-LTP-459\source\repos\JobPortalDI
INFO  11:09:44 login by greedyvd
INFO  11:10:52 Application started. Press Ctrl+C to shut down.
INFO  11:10:52 Hosting environment: Development
INFO  11:10:52 Content root path: C:\Users\Administrator.KANINI-LTP-459\source\repos\JobPortalDI
INFO  11:11:01 login by greedyvd
INFO  11:12:24 Application started. Press Ctrl+C to shut down.
INFO  11:12:24 Hosting environment: Development
INFO  11:12:24 Content root path: C:\Users\Administrator.KANINI-LTP-459\source\repos\JobPortalDI
INFO  11:12:33 login by greedyvd
INFO  11:12:46 logout by ViditG
INFO  08:10:33 Application started. Press Ctrl+C to shut down.
INFO  08:10:33 Hosting environment: Development
INFO  08:10:33 Content root path: C:\Users\Administrator.KANINI-LTP-459\source\repos\JobPortalDI
INFO  08:11:13 Application started. Press Ctrl+C to shut down.
INFO  08:11:13 Hosting environment: Development
INFO  08:11:13 Content root path: C:\Users\Administrator.KANINI-LTP-459\source\repos\JobPortalDI
INFO  08:12:24 Application started. Press Ctrl+C to shut down.
INFO  08:12:24 Hosting environment: Development
INFO  08:12:24 Content root path: C:\Users\Administrator.KANINI-LTP-459\source\repos\JobPortalDI
INFO  08:13:11 Application started. Press Ctrl+C to shut down.
INFO  08:13:11 Hosting environment: Development
INFO  08:13:11 Content root path: C:\Users\Administrator.KANINI-LTP-459\source\repos\JobPortalDI
INFO  08:14:25 Application started. Press Ctrl+C to shut down.
INFO  08:14:25 Hosting environment: Development
INFO  08:14:25 Content root path: C:\Users\Administrator.KANINI-LTP-459\source\repos\JobPortalDI
INFO  08:14:44 Application started. Press Ctrl+C to shut down.
INFO  08:14:44 Hosting environment: Development
INFO  08:14:44 Content root path: C:\Users\Administrator.KANINI-LTP-459\source\repos\JobPortalDI
INFO  08:16:34 Application started. Press Ctrl+C to shut down.
INFO  08:16:34 Hosting environment: Development
INFO  08:16:34 Content root path: C:\Users\Administrator.KANINI-LTP-459\source\repos\JobPortalDI
INFO  08:17:07 Application started. Press Ctrl+C to shut down.
INFO  08:17:07 Hosting environment: Development
INFO  08:17:07 Content root path: C:\Users\Administrator.KANINI-LTP-459\source\repos\JobPortalDI
INFO  08:17:35 Application started. Press Ctrl+C to shut down.
INFO  08:17:35 Hosting environment: Development
INFO  08:17:35 Content root path: C:\Users\Administrator.KANINI-LTP-459\source\repos\JobPortalDI
INFO  08:18:09 Application started. Press Ctrl+C to shut down.
INFO  08:18:09 Hosting environment: Development
INFO  08:18:09 Content root path: C:\Users\Administrator.KANINI-LTP-459\source\repos\JobPortalDI
INFO  08:18:27 Application started. Press Ctrl+C to shut down.
INFO  08:18:27 Hosting environment: Development
INFO  08:18:27 Content root path: C:\Users\Administrator.KANINI-LTP-459\source\repos\JobPortalDI
INFO  08:19:03 Application started. Press Ctrl+C to shut down.
INFO  08:19:03 Hosting environment: Development
INFO  08:19:03 Content root path: C:\Users\Administrator.KANINI-LTP-459\source\repos\JobPortalDI
INFO  08:20:06 Application started. Press Ctrl+C to shut down.
INFO  08:20:06 Hosting environment: Development
INFO  08:20:06 Content root path: C:\Users\Administrator.KANINI-LTP-459\source\repos\JobPortalDI
INFO  08:20:31 Application started. Press Ctrl+C to shut down.
INFO  08:20:31 Hosting environment: Development
INFO  08:20:31 Content root path: C:\Users\Administrator.KANINI-LTP-459\source\repos\JobPortalDI
INFO  08:21:09 Application started. Press Ctrl+C to shut down.
INFO  08:21:09 Hosting environment: Development
INFO  08:21:09 Content root path: C:\Users\Administrator.KANINI-LTP-459\source\repos\JobPortalDI
INFO  08:22:47 Application started. Press Ctrl+C to shut down.
INFO  08:22:47 Hosting environment: Development
INFO  08:22:47 Content root path: C:\Users\Administrator.KANINI-LTP-459\source\repos\JobPortalDI
INFO  08:23:34 Application started. Press Ctrl+C to shut down.
INFO  08:23:34 Hosting environment: Development
INFO  08:23:34 Content root path: C:\Users\Administrator.KANINI-LTP-459\source\repos\JobPortalDI
INFO  08:23:56 Application started. Press Ctrl+C to shut down.
INFO  08:23:56 Hosting environment: Development
INFO  08:23:56 Content root path: C:\Users\Administrator.KANINI-LTP-459\source\repos\JobPortalDI
INFO  08:25:19 Application started. Press Ctrl+C to shut down.
INFO  08:25:19 Hosting environment: Development
INFO  08:25:19 Content root path: C:\Users\Administrator.KANINI-LTP-459\source\repos\JobPortalDI
INFO  08:27:47 Application started. Press Ctrl+C to shut down.
INFO  08:27:47 Hosting environment: Development
INFO  08:27:47 Content root path: C:\Users\Administrator.KANINI-LTP-459\source\repos\JobPortalDI
INFO  08:28:28 Application started. Press Ctrl+C to shut down.
INFO  08:28:29 Hosting environment: Development
INFO  08:28:29 Content root path: C:\Users\Administrator.KANINI-LTP-459\source\repos\JobPortalDI
INFO  08:29:31 Application started. Press Ctrl+C to shut down.
INFO  08:29:31 Hosting environment: Development
INFO  08:29:31 Content root path: C:\Users\Administrator.KANINI-LTP-459\source\repos\JobPortalDI
INFO  08:30:22 Application started. Press Ctrl+C to shut down.
INFO  08:30:22 Hosting environment: Development
INFO  08:30:22 Content root path: C:\Users\Administrator.KANINI-LTP-459\source\repos\JobPortalDI
INFO  08:32:08 Application started. Press Ctrl+C to shut down.
INFO  08:32:08 Hosting environment: Development
INFO  08:32:08 Content root path: C:\Users\Administrator.KANINI-LTP-459\source\repos\JobPortalDI
INFO  08:33:53 Application started. Press Ctrl+C to shut down.
INFO  08:33:53 Hosting environment: Development
INFO  08:33:53 Content root path: C:\Users\Administrator.KANINI-LTP-459\source\repos\JobPortalDI
INFO  08:34:39 Application started. Press Ctrl+C to shut down.
INFO  08:34:39 Hosting environment: Development
INFO  08:34:39 Content root path: C:\Users\Administrator.KANINI-LTP-459\source\repos\JobPortalDI
INFO  08:35:15 Application started. Press Ctrl+C to shut down.
INFO  08:35:15 Hosting environment: Development
INFO  08:35:15 Content root path: C:\Users\Administrator.KANINI-LTP-459\source\repos\JobPortalDI
INFO  08:35:55 Application started. Press Ctrl+C to shut down.
INFO  08:35:55 Hosting environment: Development
INFO  08:35:55 Content root path: C:\Users\Administrator.KANINI-LTP-459\source\repos\JobPortalDI
INFO  08:37:25 Application started. Press Ctrl+C to shut down.
INFO  08:37:25 Hosting environment: Development
INFO  08:37:25 Content root path: C:\Users\Administrator.KANINI-LTP-459\source\repos\JobPortalDI
INFO  08:38:24 Application started. Press Ctrl+C to shut down.
INFO  08:38:24 Hosting environment: Development
INFO  08:38:24 Content root path: C:\Users\Administrator.KANINI-LTP-459\source\repos\JobPortalDI
INFO  08:41:30 Application started. Press Ctrl+C to shut down.
INFO  08:41:30 Hosting environment: Development
INFO  08:41:30 Content root path: C:\Users\Administrator.KANINI-LTP-459\source\repos\JobPortalDI
INFO  08:41:44 Application started. Press Ctrl+C to shut down.
INFO  08:41:44 Hosting environment: Development
INFO  08:41:44 Content root path: C:\Users\Administrator.KANINI-LTP-459\source\repos\JobPortalDI
INFO  08:41:57 Application started. Press Ctrl+C to shut down.
INFO  08:41:57 Hosting environment: Development
INFO  08:41:57 Content root path: C:\Users\Administrator.KANINI-LTP-459\source\repos\JobPortalDI
